<?xml version="1.0" encoding="UTF-8"?>
<!-- Generated by org.testng.reporters.JUnitReportReporter -->
<testsuite hostname="MYDUYEN" failures="0" tests="1" name="simple.tetst" time="0.049" errors="0" timestamp="2024-09-27T11:21:28 ICT" skipped="0">
  <testcase classname="simple.tetst" name="additionTest" time="0.049"/>
  <system-out/>
</testsuite> <!-- simple.tetst -->
